<?xml version="1.0" encoding="UTF-8"?>
<!-- Generated by org.testng.reporters.JUnitReportReporter -->
<testsuite skipped="0" hostname="PPDYW7001" name="taskParaBank.TaskPara" tests="2" failures="0" timestamp="17 Jun 2021 19:24:50 GMT" time="16.716" errors="0">
  <testcase name="test2" time="11.372" classname="taskParaBank.TaskPara"/>
  <testcase name="test1" time="5.344" classname="taskParaBank.TaskPara"/>
</testsuite> <!-- taskParaBank.TaskPara -->
